# JRE version: Java(TM) SE Runtime Environment (8.0_151-b12) (build 1.8.0_151-b12)
# Java VM: Java HotSpot(TM) 64-Bit Server VM (25.151-b12 mixed mode windows-amd64 compressed oops)
Heap:
 PSYoungGen      total 183808K, used 48562K [0x00000000e0700000, 0x00000000ed300000, 0x0000000100000000)
  eden space 175616K, 23% used [0x00000000e0700000,0x00000000e2ed8828,0x00000000eb280000)
  from space 8192K, 94% used [0x00000000ecb00000,0x00000000ed2940c8,0x00000000ed300000)
  to   space 10752K, 0% used [0x00000000ebe00000,0x00000000ebe00000,0x00000000ec880000)
 ParOldGen       total 71168K, used 17774K [0x00000000a1400000, 0x00000000a5980000, 0x00000000e0700000)
  object space 71168K, 24% used [0x00000000a1400000,0x00000000a255b808,0x00000000a5980000)
 Metaspace       used 38961K, capacity 41150K, committed 41384K, reserved 1085440K
  class space    used 5115K, capacity 5503K, committed 5552K, reserved 1048576K
GC Heap History (10 events):
Event: 12.410 GC heap before
{Heap before GC invocations=10 (full 1):
 PSYoungGen      total 106496K, used 103656K [0x00000000e0700000, 0x00000000eb980000, 0x0000000100000000)
  eden space 98304K, 100% used [0x00000000e0700000,0x00000000e6700000,0x00000000e6700000)
  from space 8192K, 65% used [0x00000000e6f00000,0x00000000e743a320,0x00000000e7700000)
  to   space 8192K, 0% used [0x00000000e6700000,0x00000000e6700000,0x00000000e6f00000)
 ParOldGen       total 41472K, used 6617K [0x00000000a1400000, 0x00000000a3c80000, 0x00000000e0700000)
  object space 41472K, 15% used [0x00000000a1400000,0x00000000a1a764f8,0x00000000a3c80000)
 Metaspace       used 27300K, capacity 28864K, committed 28976K, reserved 1075200K
  class space    used 3583K, capacity 3878K, committed 3888K, reserved 1048576K
Event: 12.419 GC heap after
Heap after GC invocations=10 (full 1):
 PSYoungGen      total 106496K, used 8137K [0x00000000e0700000, 0x00000000e9f80000, 0x0000000100000000)
  eden space 98304K, 0% used [0x00000000e0700000,0x00000000e0700000,0x00000000e6700000)
  from space 8192K, 99% used [0x00000000e6700000,0x00000000e6ef25c8,0x00000000e6f00000)
  to   space 9216K, 0% used [0x00000000e9680000,0x00000000e9680000,0x00000000e9f80000)
 ParOldGen       total 41472K, used 6625K [0x00000000a1400000, 0x00000000a3c80000, 0x00000000e0700000)
  object space 41472K, 15% used [0x00000000a1400000,0x00000000a1a784f8,0x00000000a3c80000)
 Metaspace       used 27300K, capacity 28864K, committed 28976K, reserved 1075200K
  class space    used 3583K, capacity 3878K, committed 3888K, reserved 1048576K
}
Event: 13.778 GC heap before
{Heap before GC invocations=11 (full 1):
 PSYoungGen      total 106496K, used 106441K [0x00000000e0700000, 0x00000000e9f80000, 0x0000000100000000)
  eden space 98304K, 100% used [0x00000000e0700000,0x00000000e6700000,0x00000000e6700000)
  from space 8192K, 99% used [0x00000000e6700000,0x00000000e6ef25c8,0x00000000e6f00000)
  to   space 9216K, 0% used [0x00000000e9680000,0x00000000e9680000,0x00000000e9f80000)
 ParOldGen       total 41472K, used 6625K [0x00000000a1400000, 0x00000000a3c80000, 0x00000000e0700000)
  object space 41472K, 15% used [0x00000000a1400000,0x00000000a1a784f8,0x00000000a3c80000)
 Metaspace       used 29206K, capacity 31050K, committed 31408K, reserved 1077248K
  class space    used 3841K, capacity 4177K, committed 4272K, reserved 1048576K
Event: 13.789 GC heap after
Heap after GC invocations=11 (full 1):
 PSYoungGen      total 145920K, used 8941K [0x00000000e0700000, 0x00000000ea100000, 0x0000000100000000)
  eden space 136704K, 0% used [0x00000000e0700000,0x00000000e0700000,0x00000000e8c80000)
  from space 9216K, 97% used [0x00000000e9680000,0x00000000e9f3b7c0,0x00000000e9f80000)
  to   space 10240K, 0% used [0x00000000e8c80000,0x00000000e8c80000,0x00000000e9680000)
 ParOldGen       total 41472K, used 8649K [0x00000000a1400000, 0x00000000a3c80000, 0x00000000e0700000)
  object space 41472K, 20% used [0x00000000a1400000,0x00000000a1c72518,0x00000000a3c80000)
 Metaspace       used 29206K, capacity 31050K, committed 31408K, reserved 1077248K
  class space    used 3841K, capacity 4177K, committed 4272K, reserved 1048576K
}
Event: 16.348 GC heap before
{Heap before GC invocations=12 (full 1):
 PSYoungGen      total 145920K, used 83927K [0x00000000e0700000, 0x00000000ea100000, 0x0000000100000000)
  eden space 136704K, 54% used [0x00000000e0700000,0x00000000e503a800,0x00000000e8c80000)
  from space 9216K, 97% used [0x00000000e9680000,0x00000000e9f3b7c0,0x00000000e9f80000)
  to   space 10240K, 0% used [0x00000000e8c80000,0x00000000e8c80000,0x00000000e9680000)
 ParOldGen       total 41472K, used 8649K [0x00000000a1400000, 0x00000000a3c80000, 0x00000000e0700000)
  object space 41472K, 20% used [0x00000000a1400000,0x00000000a1c72518,0x00000000a3c80000)
 Metaspace       used 33460K, capacity 35442K, committed 35496K, reserved 1079296K
  class space    used 4411K, capacity 4774K, committed 4784K, reserved 1048576K
Event: 16.374 GC heap after
Heap after GC invocations=12 (full 1):
 PSYoungGen      total 146944K, used 3350K [0x00000000e0700000, 0x00000000ed500000, 0x0000000100000000)
  eden space 136704K, 0% used [0x00000000e0700000,0x00000000e0700000,0x00000000e8c80000)
  from space 10240K, 32% used [0x00000000e8c80000,0x00000000e8fc5890,0x00000000e9680000)
  to   space 10240K, 0% used [0x00000000ecb00000,0x00000000ecb00000,0x00000000ed500000)
 ParOldGen       total 41472K, used 15880K [0x00000000a1400000, 0x00000000a3c80000, 0x00000000e0700000)
  object space 41472K, 38% used [0x00000000a1400000,0x00000000a23821e8,0x00000000a3c80000)
 Metaspace       used 33460K, capacity 35442K, committed 35496K, reserved 1079296K
  class space    used 4411K, capacity 4774K, committed 4784K, reserved 1048576K
}
Event: 16.374 GC heap before
{Heap before GC invocations=13 (full 2):
 PSYoungGen      total 146944K, used 3350K [0x00000000e0700000, 0x00000000ed500000, 0x0000000100000000)
  eden space 136704K, 0% used [0x00000000e0700000,0x00000000e0700000,0x00000000e8c80000)
  from space 10240K, 32% used [0x00000000e8c80000,0x00000000e8fc5890,0x00000000e9680000)
  to   space 10240K, 0% used [0x00000000ecb00000,0x00000000ecb00000,0x00000000ed500000)
 ParOldGen       total 41472K, used 15880K [0x00000000a1400000, 0x00000000a3c80000, 0x00000000e0700000)
  object space 41472K, 38% used [0x00000000a1400000,0x00000000a23821e8,0x00000000a3c80000)
 Metaspace       used 33460K, capacity 35442K, committed 35496K, reserved 1079296K
  class space    used 4411K, capacity 4774K, committed 4784K, reserved 1048576K
Event: 16.498 GC heap after
Heap after GC invocations=13 (full 2):
 PSYoungGen      total 146944K, used 0K [0x00000000e0700000, 0x00000000ed500000, 0x0000000100000000)
  eden space 136704K, 0% used [0x00000000e0700000,0x00000000e0700000,0x00000000e8c80000)
  from space 10240K, 0% used [0x00000000e8c80000,0x00000000e8c80000,0x00000000e9680000)
  to   space 10240K, 0% used [0x00000000ecb00000,0x00000000ecb00000,0x00000000ed500000)
 ParOldGen       total 71168K, used 17766K [0x00000000a1400000, 0x00000000a5980000, 0x00000000e0700000)
  object space 71168K, 24% used [0x00000000a1400000,0x00000000a2559808,0x00000000a5980000)
 Metaspace       used 33460K, capacity 35442K, committed 35496K, reserved 1079296K
  class space    used 4411K, capacity 4774K, committed 4784K, reserved 1048576K
}
Event: 17.995 GC heap before
{Heap before GC invocations=14 (full 2):
 PSYoungGen      total 146944K, used 136704K [0x00000000e0700000, 0x00000000ed500000, 0x0000000100000000)
  eden space 136704K, 100% used [0x00000000e0700000,0x00000000e8c80000,0x00000000e8c80000)
  from space 10240K, 0% used [0x00000000e8c80000,0x00000000e8c80000,0x00000000e9680000)
  to   space 10240K, 0% used [0x00000000ecb00000,0x00000000ecb00000,0x00000000ed500000)
 ParOldGen       total 71168K, used 17766K [0x00000000a1400000, 0x00000000a5980000, 0x00000000e0700000)
  object space 71168K, 24% used [0x00000000a1400000,0x00000000a2559808,0x00000000a5980000)
 Metaspace       used 38337K, capacity 40502K, committed 40744K, reserved 1085440K
  class space    used 5021K, capacity 5410K, committed 5424K, reserved 1048576K
Event: 18.008 GC heap after
Heap after GC invocations=14 (full 2):
 PSYoungGen      total 183808K, used 7760K [0x00000000e0700000, 0x00000000ed300000, 0x0000000100000000)
  eden space 175616K, 0% used [0x00000000e0700000,0x00000000e0700000,0x00000000eb280000)
  from space 8192K, 94% used [0x00000000ecb00000,0x00000000ed2940c8,0x00000000ed300000)
  to   space 10752K, 0% used [0x00000000ebe00000,0x00000000ebe00000,0x00000000ec880000)
 ParOldGen       total 71168K, used 17774K [0x00000000a1400000, 0x00000000a5980000, 0x00000000e0700000)
  object space 71168K, 24% used [0x00000000a1400000,0x00000000a255b808,0x00000000a5980000)
 Metaspace       used 38337K, capacity 40502K, committed 40744K, reserved 1085440K
  class space    used 5021K, capacity 5410K, committed 5424K, reserved 1048576K
}

